<?xml version="1.0" ?>
<coverage branch-rate="0" branches-covered="0" branches-valid="0" complexity="0" line-rate="0.8961" lines-covered="69" lines-valid="77" timestamp="1528408170428" version="4.5.1">
	<!-- Generated by coverage.py: https://coverage.readthedocs.io -->
	<!-- Based on https://raw.githubusercontent.com/cobertura/web/master/htdocs/xml/coverage-04.dtd -->
	<sources>
		<source>C:\Users\daniel.uribe\Documents\pawpatrolHouses</source>
	</sources>
	<packages>
		<package branch-rate="0" complexity="0" line-rate="0.7778" name=".">
			<classes>
				<class branch-rate="0" complexity="0" filename="manage.py" line-rate="0.7778" name="manage.py">
					<methods/>
					<lines>
						<line hits="1" number="2"/>
						<line hits="1" number="3"/>
						<line hits="1" number="5"/>
						<line hits="1" number="6"/>
						<line hits="1" number="7"/>
						<line hits="1" number="8"/>
						<line hits="0" number="9"/>
						<line hits="0" number="10"/>
						<line hits="1" number="15"/>
					</lines>
				</class>
			</classes>
		</package>
		<package branch-rate="0" complexity="0" line-rate="0.8696" name="homes">
			<classes>
				<class branch-rate="0" complexity="0" filename="homes/admin.py" line-rate="1" name="admin.py">
					<methods/>
					<lines>
						<line hits="1" number="1"/>
						<line hits="1" number="4"/>
						<line hits="1" number="6"/>
						<line hits="1" number="7"/>
						<line hits="1" number="8"/>
						<line hits="1" number="9"/>
					</lines>
				</class>
				<class branch-rate="0" complexity="0" filename="homes/apps.py" line-rate="1" name="apps.py">
					<methods/>
					<lines>
						<line hits="1" number="1"/>
						<line hits="1" number="4"/>
						<line hits="1" number="5"/>
					</lines>
				</class>
				<class branch-rate="0" complexity="0" filename="homes/models.py" line-rate="0.8378" name="models.py">
					<methods/>
					<lines>
						<line hits="1" number="1"/>
						<line hits="1" number="2"/>
						<line hits="1" number="5"/>
						<line hits="1" number="6"/>
						<line hits="1" number="7"/>
						<line hits="1" number="8"/>
						<line hits="1" number="10"/>
						<line hits="0" number="11"/>
						<line hits="1" number="13"/>
						<line hits="1" number="14"/>
						<line hits="1" number="15"/>
						<line hits="1" number="17"/>
						<line hits="0" number="18"/>
						<line hits="1" number="20"/>
						<line hits="1" number="21"/>
						<line hits="1" number="22"/>
						<line hits="1" number="23"/>
						<line hits="1" number="24"/>
						<line hits="1" number="25"/>
						<line hits="1" number="26"/>
						<line hits="1" number="27"/>
						<line hits="1" number="28"/>
						<line hits="1" number="29"/>
						<line hits="1" number="30"/>
						<line hits="1" number="32"/>
						<line hits="0" number="33"/>
						<line hits="1" number="36"/>
						<line hits="1" number="37"/>
						<line hits="1" number="38"/>
						<line hits="1" number="39"/>
						<line hits="1" number="40"/>
						<line hits="1" number="41"/>
						<line hits="1" number="43"/>
						<line hits="0" number="44"/>
						<line hits="1" number="46"/>
						<line hits="0" number="48"/>
						<line hits="0" number="49"/>
					</lines>
				</class>
				<class branch-rate="0" complexity="0" filename="homes/__init__.py" line-rate="1" name="__init__.py">
					<methods/>
					<lines/>
				</class>
			</classes>
		</package>
		<package branch-rate="0" complexity="0" line-rate="1" name="pawpatrol">
			<classes>
				<class branch-rate="0" complexity="0" filename="pawpatrol/__init__.py" line-rate="1" name="__init__.py">
					<methods/>
					<lines/>
				</class>
				<class branch-rate="0" complexity="0" filename="pawpatrol/settings.py" line-rate="1" name="settings.py">
					<methods/>
					<lines>
						<line hits="1" number="13"/>
						<line hits="1" number="14"/>
						<line hits="1" number="17"/>
						<line hits="1" number="24"/>
						<line hits="1" number="27"/>
						<line hits="1" number="29"/>
						<line hits="1" number="34"/>
						<line hits="1" number="44"/>
						<line hits="1" number="55"/>
						<line hits="1" number="57"/>
						<line hits="1" number="73"/>
						<line hits="1" number="79"/>
						<line hits="1" number="94"/>
						<line hits="1" number="109"/>
						<line hits="1" number="120"/>
						<line hits="1" number="122"/>
						<line hits="1" number="124"/>
						<line hits="1" number="126"/>
						<line hits="1" number="128"/>
						<line hits="1" number="134"/>
						<line hits="1" number="136"/>
						<line hits="1" number="139"/>
					</lines>
				</class>
			</classes>
		</package>
	</packages>
</coverage>
